Using pre-set license
Built from '2020.3/staging' branch; Version is '2020.3.25f1 (9b9180224418) revision 10195328'; Using compiler version '192528614'; Build Type 'Release'
OS: 'Windows 11  (10.0.22000) 64bit CoreSingleLanguage' Language: 'en' Physical Memory: 16168 MB
BatchMode: 1, IsHumanControllingUs: 0, StartBugReporterOnCrash: 0, Is64bit: 1, IsPro: 0

COMMAND LINE ARGUMENTS:
F:\2020.3.25f1\Editor\Unity.exe
-adb2
-batchMode
-noUpm
-name
AssetImportWorker0
-projectPath
E:/Wiki AR Files/06/CubeSurferClone-2
-logFile
Logs/AssetImportWorker0.log
-srvPort
65170
Successfully changed project path to: E:/Wiki AR Files/06/CubeSurferClone-2
E:/Wiki AR Files/06/CubeSurferClone-2
Using Asset Import Pipeline V2.
Refreshing native plugins compatible for Editor in 33.23 ms, found 2 plugins.
Preloading 0 native plugins for Editor in 0.00 ms.
Initialize engine version: 2020.3.25f1 (9b9180224418)
[Subsystems] Discovering subsystems at path F:/2020.3.25f1/Editor/Data/Resources/UnitySubsystems
[Subsystems] Discovering subsystems at path E:/Wiki AR Files/06/CubeSurferClone-2/Assets
GfxDevice: creating device client; threaded=0
Direct3D:
    Version:  Direct3D 11.0 [level 11.1]
    Renderer: NVIDIA GeForce RTX 2060 (ID=0x1f15)
    Vendor:   
    VRAM:     5980 MB
    Driver:   30.0.14.9649
Initialize mono
Mono path[0] = 'F:/2020.3.25f1/Editor/Data/Managed'
Mono path[1] = 'F:/2020.3.25f1/Editor/Data/MonoBleedingEdge/lib/mono/unityjit'
Mono config path = 'F:/2020.3.25f1/Editor/Data/MonoBleedingEdge/etc'
Using monoOptions --debugger-agent=transport=dt_socket,embedding=1,server=y,suspend=n,address=127.0.0.1:56472
Begin MonoManager ReloadAssembly
Registering precompiled unity dll's ...
Register platform support module: F:/2020.3.25f1/Editor/Data/PlaybackEngines/WindowsStandaloneSupport/UnityEditor.WindowsStandalone.Extensions.dll
Registered in 0.000918 seconds.
Native extension for WindowsStandalone target not found
Refreshing native plugins compatible for Editor in 32.45 ms, found 2 plugins.
Preloading 0 native plugins for Editor in 0.00 ms.
Mono: successfully reloaded assembly
- Completed reload, in  0.575 seconds
Domain Reload Profiling:
	ReloadAssembly (575ms)
		BeginReloadAssembly (55ms)
			ExecutionOrderSort (0ms)
			DisableScriptedObjects (0ms)
			BackupInstance (0ms)
			ReleaseScriptingObjects (0ms)
			CreateAndSetChildDomain (1ms)
		EndReloadAssembly (456ms)
			LoadAssemblies (54ms)
			RebuildTransferFunctionScriptingTraits (0ms)
			SetupTypeCache (148ms)
			ReleaseScriptCaches (0ms)
			RebuildScriptCaches (32ms)
			SetupLoadedEditorAssemblies (167ms)
				LogAssemblyErrors (0ms)
				InitializePlatformSupportModulesInManaged (4ms)
				SetLoadedEditorAssemblies (0ms)
				RefreshPlugins (33ms)
				BeforeProcessingInitializeOnLoad (17ms)
				ProcessInitializeOnLoadAttributes (84ms)
				ProcessInitializeOnLoadMethodAttributes (29ms)
				AfterProcessingInitializeOnLoad (0ms)
				EditorAssembliesLoaded (0ms)
			ExecutionOrderSort2 (0ms)
			AwakeInstancesAfterBackupRestoration (0ms)
Platform modules already initialized, skipping
Registering precompiled user dll's ...
Registered in 0.004518 seconds.
Begin MonoManager ReloadAssembly
Native extension for WindowsStandalone target not found
Refreshing native plugins compatible for Editor in 0.34 ms, found 2 plugins.
Preloading 0 native plugins for Editor in 0.00 ms.
Mono: successfully reloaded assembly
- Completed reload, in  0.988 seconds
Domain Reload Profiling:
	ReloadAssembly (989ms)
		BeginReloadAssembly (147ms)
			ExecutionOrderSort (0ms)
			DisableScriptedObjects (5ms)
			BackupInstance (0ms)
			ReleaseScriptingObjects (0ms)
			CreateAndSetChildDomain (18ms)
		EndReloadAssembly (788ms)
			LoadAssemblies (92ms)
			RebuildTransferFunctionScriptingTraits (0ms)
			SetupTypeCache (277ms)
			ReleaseScriptCaches (0ms)
			RebuildScriptCaches (42ms)
			SetupLoadedEditorAssemblies (287ms)
				LogAssemblyErrors (0ms)
				InitializePlatformSupportModulesInManaged (4ms)
				SetLoadedEditorAssemblies (1ms)
				RefreshPlugins (0ms)
				BeforeProcessingInitializeOnLoad (73ms)
				ProcessInitializeOnLoadAttributes (197ms)
				ProcessInitializeOnLoadMethodAttributes (10ms)
				AfterProcessingInitializeOnLoad (2ms)
				EditorAssembliesLoaded (0ms)
			ExecutionOrderSort2 (0ms)
			AwakeInstancesAfterBackupRestoration (7ms)
Platform modules already initialized, skipping
========================================================================
Worker process is ready to serve import requests
Launched and connected shader compiler UnityShaderCompiler.exe after 0.05 seconds
Refreshing native plugins compatible for Editor in 0.41 ms, found 2 plugins.
Preloading 0 native plugins for Editor in 0.00 ms.
Unloading 1558 Unused Serialized files (Serialized files now loaded: 0)
System memory in use before: 72.0 MB.
System memory in use after: 72.0 MB.

Unloading 19 unused Assets to reduce memory usage. Loaded Objects now: 1990.
Total: 3.037200 ms (FindLiveObjects: 0.144600 ms CreateObjectMapping: 0.053800 ms MarkObjects: 2.775600 ms  DeleteObjects: 0.062000 ms)

AssetImportParameters requested are different than current active one (requested -> active):
  custom:framework-win-MediaFoundation: 216162199b28c13a410421893ffa2e32 -> 
  custom:video-decoder-ogg-theora: a1e56fd34408186e4bbccfd4996cb3dc -> 
  custom:container-muxer-webm: aa71ff27fc2769a1b78a27578f13a17b -> 
  custom:container-demuxer-webm: 4f35f7cbe854078d1ac9338744f61a02 -> 
  custom:container-demuxer-ogg: 62fdf1f143b41e24485cea50d1cbac27 -> 
  custom:video-encoder-webm-vp8: eb34c28f22e8b96e1ab97ce403110664 -> 
  custom:video-codec-MediaFoundation-h265: 746d11721c4dcdbdad8f713fa42b33f4 -> 
  custom:video-decoder-webm-vp8: 9c59270c3fd7afecdb556c50c9e8de78 -> 
  custom:audio-decoder-ogg-vorbis: bf7c407c2cedff20999df2af8eb42d56 -> 
  custom:audio-encoder-webm-vorbis: bf7c407c2cedff20999df2af8eb42d56 -> 
========================================================================
Received Import Request.
  path: Assets/Prefabs/PathCreator/Examples/Materials/Black.mat
  artifactKey: Guid(69561553b86bde34da494d1ffed3ba45) Importer(815301076,1909f56bfc062723c751e8b465ee728b)
Start importing Assets/Prefabs/PathCreator/Examples/Materials/Black.mat using Guid(69561553b86bde34da494d1ffed3ba45) Importer(815301076,1909f56bfc062723c751e8b465ee728b)  -> (artifact id: '381bafcbe32d2181ad0fa711fa376f36') in 0.132930 seconds 
  Import took 0.135664 seconds .

========================================================================
Received Import Request.
  Time since last request: 0.004057 seconds.
  path: Assets/Prefabs/PathCreator/Core/Runtime/Objects/BezierPath.cs
  artifactKey: Guid(756209f371f304fb1920c53a8a25a5e2) Importer(815301076,1909f56bfc062723c751e8b465ee728b)
Start importing Assets/Prefabs/PathCreator/Core/Runtime/Objects/BezierPath.cs using Guid(756209f371f304fb1920c53a8a25a5e2) Importer(815301076,1909f56bfc062723c751e8b465ee728b)  -> (artifact id: '5a9b2a3e64f52275acfcd95a09a24a4b') in 0.008085 seconds 
  Import took 0.010202 seconds .

========================================================================
Received Import Request.
  Time since last request: 0.007081 seconds.
  path: Assets/Level
  artifactKey: Guid(bc4a97a9fabd0714c8704aaa10c5efef) Importer(815301076,1909f56bfc062723c751e8b465ee728b)
Start importing Assets/Level using Guid(bc4a97a9fabd0714c8704aaa10c5efef) Importer(815301076,1909f56bfc062723c751e8b465ee728b)  -> (artifact id: 'c6fe12b6066bda88c076bc0ecf2ac346') in 0.001536 seconds 
  Import took 0.003602 seconds .

========================================================================
Received Import Request.
  Time since last request: 0.010828 seconds.
  path: Assets/Prefabs/PathCreator/Examples/Materials/Blue.mat
  artifactKey: Guid(5c270a73328a99e439fec44a0cf3a17d) Importer(815301076,1909f56bfc062723c751e8b465ee728b)
Start importing Assets/Prefabs/PathCreator/Examples/Materials/Blue.mat using Guid(5c270a73328a99e439fec44a0cf3a17d) Importer(815301076,1909f56bfc062723c751e8b465ee728b)  -> (artifact id: '71d38136ea9c078e990d6b00a41dfe4e') in 0.008898 seconds 
  Import took 0.011363 seconds .

========================================================================
Received Import Request.
  Time since last request: 0.003573 seconds.
  path: Assets/TextMesh Pro/Shaders/TMPro_Surface.cginc
  artifactKey: Guid(d930090c0cd643c7b55f19a38538c162) Importer(815301076,1909f56bfc062723c751e8b465ee728b)
Start importing Assets/TextMesh Pro/Shaders/TMPro_Surface.cginc using Guid(d930090c0cd643c7b55f19a38538c162) Importer(815301076,1909f56bfc062723c751e8b465ee728b)  -> (artifact id: '7a635ec737c90890fe650212c09c6b5b') in 0.005549 seconds 
  Import took 0.007757 seconds .

========================================================================
Received Import Request.
  Time since last request: 0.002011 seconds.
  path: Assets/TextMesh Pro/Shaders
  artifactKey: Guid(e9f693669af91aa45ad615fc681ed29f) Importer(815301076,1909f56bfc062723c751e8b465ee728b)
Start importing Assets/TextMesh Pro/Shaders using Guid(e9f693669af91aa45ad615fc681ed29f) Importer(815301076,1909f56bfc062723c751e8b465ee728b)  -> (artifact id: '486066d15e4e2d1f404625b357b63227') in 0.001684 seconds 
  Import took 0.003635 seconds .

========================================================================
Received Import Request.
  Time since last request: 0.004450 seconds.
  path: Assets/Prefabs/PathCreator/Examples/Materials/Road Texture.png
  artifactKey: Guid(eef7def8a6d89134284369bbe0145515) Importer(815301076,1909f56bfc062723c751e8b465ee728b)
Start importing Assets/Prefabs/PathCreator/Examples/Materials/Road Texture.png using Guid(eef7def8a6d89134284369bbe0145515) Importer(815301076,1909f56bfc062723c751e8b465ee728b)  -> (artifact id: '34cdd02a2a2d4e4817df7140c3d47aa8') in 0.071738 seconds 
  Import took 0.074041 seconds .

========================================================================
Received Import Request.
  Time since last request: 0.002447 seconds.
  path: Assets/Prefabs/PathSpawnables/Obstacles/Walls
  artifactKey: Guid(feb72567c880d9847b9090a3e299eb18) Importer(815301076,1909f56bfc062723c751e8b465ee728b)
Start importing Assets/Prefabs/PathSpawnables/Obstacles/Walls using Guid(feb72567c880d9847b9090a3e299eb18) Importer(815301076,1909f56bfc062723c751e8b465ee728b)  -> (artifact id: 'c36dce587beb96a4df3f33763fc7bfa9') in 0.001948 seconds 
  Import took 0.004524 seconds .

========================================================================
Received Import Request.
  Time since last request: 0.017480 seconds.
  path: Assets/Prefabs/PathCreator/Examples/Scripts/PathSpawner.cs
  artifactKey: Guid(b617cc208d0104cad9534d503ff3e1cf) Importer(815301076,1909f56bfc062723c751e8b465ee728b)
Start importing Assets/Prefabs/PathCreator/Examples/Scripts/PathSpawner.cs using Guid(b617cc208d0104cad9534d503ff3e1cf) Importer(815301076,1909f56bfc062723c751e8b465ee728b)  -> (artifact id: 'a2d91167a7831e7b39d4b685afb166b1') in 0.002132 seconds 
  Import took 0.004537 seconds .

========================================================================
Received Import Request.
  Time since last request: 0.002297 seconds.
  path: Assets/Prefabs/PathCreator/Examples/Scripts/Editor
  artifactKey: Guid(37afd3c65f48fa94bbb5a65473466658) Importer(815301076,1909f56bfc062723c751e8b465ee728b)
Start importing Assets/Prefabs/PathCreator/Examples/Scripts/Editor using Guid(37afd3c65f48fa94bbb5a65473466658) Importer(815301076,1909f56bfc062723c751e8b465ee728b)  -> (artifact id: '92de95437cf79868e893ce698dc26544') in 0.001954 seconds 
  Import took 0.003997 seconds .

========================================================================
Received Import Request.
  Time since last request: 0.003895 seconds.
  path: Assets/Prefabs/PathCreator/Core/Editor/PathEditor.cs
  artifactKey: Guid(45d81a20743ff42a3b0dfbd499d4797e) Importer(815301076,1909f56bfc062723c751e8b465ee728b)
Start importing Assets/Prefabs/PathCreator/Core/Editor/PathEditor.cs using Guid(45d81a20743ff42a3b0dfbd499d4797e) Importer(815301076,1909f56bfc062723c751e8b465ee728b)  -> (artifact id: '6723a7b545b020b62488b16241e34ac4') in 0.001913 seconds 
  Import took 0.004651 seconds .

========================================================================
Received Import Request.
  Time since last request: 0.018769 seconds.
  path: Assets/TextMesh Pro/Resources/LineBreaking Following Characters.txt
  artifactKey: Guid(fade42e8bc714b018fac513c043d323b) Importer(815301076,1909f56bfc062723c751e8b465ee728b)
Start importing Assets/TextMesh Pro/Resources/LineBreaking Following Characters.txt using Guid(fade42e8bc714b018fac513c043d323b) Importer(815301076,1909f56bfc062723c751e8b465ee728b)  -> (artifact id: 'c84519695b966c8ddf8d325a6adc21d0') in 0.017468 seconds 
  Import took 0.020065 seconds .

========================================================================
Received Import Request.
  Time since last request: 0.003288 seconds.
  path: Assets/Prefabs/PathCreator/Core/Runtime/Objects/PathSpace.cs
  artifactKey: Guid(407af8f85a5bae449bce4730c5d97d1a) Importer(815301076,1909f56bfc062723c751e8b465ee728b)
Start importing Assets/Prefabs/PathCreator/Core/Runtime/Objects/PathSpace.cs using Guid(407af8f85a5bae449bce4730c5d97d1a) Importer(815301076,1909f56bfc062723c751e8b465ee728b)  -> (artifact id: 'b3bd05a484ca08e016154c4eba4c5695') in 0.001978 seconds 
  Import took 0.004386 seconds .

========================================================================
Received Import Request.
  Time since last request: 0.005034 seconds.
  path: Assets/TextMesh Pro/Fonts
  artifactKey: Guid(6ab70aee4d56447429c680537fbf93ed) Importer(815301076,1909f56bfc062723c751e8b465ee728b)
Start importing Assets/TextMesh Pro/Fonts using Guid(6ab70aee4d56447429c680537fbf93ed) Importer(815301076,1909f56bfc062723c751e8b465ee728b)  -> (artifact id: 'c860dfdf0522eec1202f36843e52d436') in 0.001882 seconds 
  Import took 0.004188 seconds .

========================================================================
Received Import Request.
  Time since last request: 0.007800 seconds.
  path: Assets/TextMesh Pro
  artifactKey: Guid(f54d1bd14bd3ca042bd867b519fee8cc) Importer(815301076,1909f56bfc062723c751e8b465ee728b)
Start importing Assets/TextMesh Pro using Guid(f54d1bd14bd3ca042bd867b519fee8cc) Importer(815301076,1909f56bfc062723c751e8b465ee728b)  -> (artifact id: '16b4cbde9565bf190136f1148817e1ea') in 0.002181 seconds 
  Import took 0.004547 seconds .

========================================================================
Received Import Request.
  Time since last request: 0.003818 seconds.
  path: Assets/Prefabs/PathCreator/Core/Editor/Helper/PathHandle.cs
  artifactKey: Guid(804ddb43548540a4ca3b0a534a75c4b3) Importer(815301076,1909f56bfc062723c751e8b465ee728b)
Start importing Assets/Prefabs/PathCreator/Core/Editor/Helper/PathHandle.cs using Guid(804ddb43548540a4ca3b0a534a75c4b3) Importer(815301076,1909f56bfc062723c751e8b465ee728b)  -> (artifact id: 'accb3f697516f705768185e6de5fc28d') in 0.001930 seconds 
  Import took 0.004268 seconds .

========================================================================
Received Import Request.
  Time since last request: 0.013441 seconds.
  path: Assets/Prefabs/PathCreator/Core/Runtime/Utility
  artifactKey: Guid(4c55bdfe2cdafc04ba5f909d4f1f192b) Importer(815301076,1909f56bfc062723c751e8b465ee728b)
Start importing Assets/Prefabs/PathCreator/Core/Runtime/Utility using Guid(4c55bdfe2cdafc04ba5f909d4f1f192b) Importer(815301076,1909f56bfc062723c751e8b465ee728b)  -> (artifact id: 'bfb49e121ef863d873b5e85f3e9e3e78') in 0.002350 seconds 
  Import took 0.004907 seconds .

========================================================================
Received Import Request.
  Time since last request: 0.002642 seconds.
  path: Assets/Prefabs/PathCreator/Examples/Materials
  artifactKey: Guid(ba68311e0a74e694fbd8f64185d03175) Importer(815301076,1909f56bfc062723c751e8b465ee728b)
Start importing Assets/Prefabs/PathCreator/Examples/Materials using Guid(ba68311e0a74e694fbd8f64185d03175) Importer(815301076,1909f56bfc062723c751e8b465ee728b)  -> (artifact id: '2e9bb89620c8df0c80a340a5a53ea1da') in 0.001896 seconds 
  Import took 0.004499 seconds .

========================================================================
Received Import Request.
  Time since last request: 0.002264 seconds.
  path: Assets/Prefabs/PathCreator/Documentation
  artifactKey: Guid(7f53e212088d741abad12e1f2315eee7) Importer(815301076,1909f56bfc062723c751e8b465ee728b)
Start importing Assets/Prefabs/PathCreator/Documentation using Guid(7f53e212088d741abad12e1f2315eee7) Importer(815301076,1909f56bfc062723c751e8b465ee728b)  -> (artifact id: '095bcbdafdab1246919c790c5ae66f45') in 0.002323 seconds 
  Import took 0.005194 seconds .

========================================================================
Received Import Request.
  Time since last request: 0.004911 seconds.
  path: Assets/TextMesh Pro/Shaders/TMP_Bitmap-Custom-Atlas.shader
  artifactKey: Guid(48bb5f55d8670e349b6e614913f9d910) Importer(815301076,1909f56bfc062723c751e8b465ee728b)
Start importing Assets/TextMesh Pro/Shaders/TMP_Bitmap-Custom-Atlas.shader using Guid(48bb5f55d8670e349b6e614913f9d910) Importer(815301076,1909f56bfc062723c751e8b465ee728b)  -> (artifact id: '9e12da988b3dd4a339ef4b97fef8df05') in 0.003367 seconds 
  Import took 0.005706 seconds .

========================================================================
Received Import Request.
  Time since last request: 0.010803 seconds.
  path: Assets/Prefabs/PathCreator/Core/Editor/Helper
  artifactKey: Guid(366e41d4e3408334aad31e48f28757e4) Importer(815301076,1909f56bfc062723c751e8b465ee728b)
Start importing Assets/Prefabs/PathCreator/Core/Editor/Helper using Guid(366e41d4e3408334aad31e48f28757e4) Importer(815301076,1909f56bfc062723c751e8b465ee728b)  -> (artifact id: '94d2de57a6458dd09404704dfcb3e2cb') in 0.001912 seconds 
  Import took 0.004415 seconds .

========================================================================
Received Import Request.
  Time since last request: 0.004479 seconds.
  path: Assets/TextMesh Pro/Resources/Fonts & Materials/LiberationSans SDF.asset
  artifactKey: Guid(8f586378b4e144a9851e7b34d9b748ee) Importer(815301076,1909f56bfc062723c751e8b465ee728b)
Start importing Assets/TextMesh Pro/Resources/Fonts & Materials/LiberationSans SDF.asset using Guid(8f586378b4e144a9851e7b34d9b748ee) Importer(815301076,1909f56bfc062723c751e8b465ee728b)  -> (artifact id: 'f1280cc7be10b532b2897fc8654f95d3') in 0.066460 seconds 
  Import took 0.069335 seconds .

========================================================================
Received Import Request.
  Time since last request: 0.009194 seconds.
  path: Assets/TextMesh Pro/Resources/Style Sheets/Default Style Sheet.asset
  artifactKey: Guid(f952c082cb03451daed3ee968ac6c63e) Importer(815301076,1909f56bfc062723c751e8b465ee728b)
Start importing Assets/TextMesh Pro/Resources/Style Sheets/Default Style Sheet.asset using Guid(f952c082cb03451daed3ee968ac6c63e) Importer(815301076,1909f56bfc062723c751e8b465ee728b)  -> (artifact id: '99846f5a5cef2b9fb3476a6a84d35918') in 0.003577 seconds 
  Import took 0.006245 seconds .

========================================================================
Received Import Request.
  Time since last request: 0.002699 seconds.
  path: Assets/Prefabs/PathCreator/Core/Runtime/Objects
  artifactKey: Guid(2b76edb14a39ed944b9c906e5f1d3aaa) Importer(815301076,1909f56bfc062723c751e8b465ee728b)
Start importing Assets/Prefabs/PathCreator/Core/Runtime/Objects using Guid(2b76edb14a39ed944b9c906e5f1d3aaa) Importer(815301076,1909f56bfc062723c751e8b465ee728b)  -> (artifact id: '762247c2c1c813914d87a26c99f23b34') in 0.002023 seconds 
  Import took 0.004664 seconds .

========================================================================
Received Import Request.
  Time since last request: 0.006020 seconds.
  path: Assets/Prefabs/PathCreator/Examples/Materials/Road.mat
  artifactKey: Guid(b5df4735192845740bd11076dc9cdc99) Importer(815301076,1909f56bfc062723c751e8b465ee728b)
Start importing Assets/Prefabs/PathCreator/Examples/Materials/Road.mat using Guid(b5df4735192845740bd11076dc9cdc99) Importer(815301076,1909f56bfc062723c751e8b465ee728b)  -> (artifact id: '39180fdc2a6b5b358fc88e01dd74044c') in 0.024188 seconds 
  Import took 0.026971 seconds .

========================================================================
Received Import Request.
  Time since last request: 0.005872 seconds.
  path: Assets/Sounds
  artifactKey: Guid(cd52682bc54f8cc468d5669688334da1) Importer(815301076,1909f56bfc062723c751e8b465ee728b)
Start importing Assets/Sounds using Guid(cd52682bc54f8cc468d5669688334da1) Importer(815301076,1909f56bfc062723c751e8b465ee728b)  -> (artifact id: 'bc5b1dccacf6e3a42f638554818c1b84') in 0.002559 seconds 
  Import took 0.005671 seconds .

========================================================================
Received Import Request.
  Time since last request: 0.003860 seconds.
  path: Assets/Prefabs/PathCreator/Core/Runtime/Objects/GlobalDisplaySettings.cs
  artifactKey: Guid(46d5e8d803e252f4499b52e657f8e1a2) Importer(815301076,1909f56bfc062723c751e8b465ee728b)
Start importing Assets/Prefabs/PathCreator/Core/Runtime/Objects/GlobalDisplaySettings.cs using Guid(46d5e8d803e252f4499b52e657f8e1a2) Importer(815301076,1909f56bfc062723c751e8b465ee728b)  -> (artifact id: '742e7dfe8aeed563b110eac64ff584fb') in 0.002561 seconds 
  Import took 0.005181 seconds .

========================================================================
Received Import Request.
  Time since last request: 0.002835 seconds.
  path: Assets/Prefabs/PathCreator/Core/Runtime/Objects/EndOfPathInstruction.cs
  artifactKey: Guid(c0d7fa70c03166e4180909b6e5d546c7) Importer(815301076,1909f56bfc062723c751e8b465ee728b)
Start importing Assets/Prefabs/PathCreator/Core/Runtime/Objects/EndOfPathInstruction.cs using Guid(c0d7fa70c03166e4180909b6e5d546c7) Importer(815301076,1909f56bfc062723c751e8b465ee728b)  -> (artifact id: '0d5b679c934da2b6906d0a83b4011c43') in 0.002474 seconds 
  Import took 0.005100 seconds .

========================================================================
Received Import Request.
  Time since last request: 0.003075 seconds.
  path: Assets/TextMesh Pro/Resources/Sprite Assets/EmojiOne.asset
  artifactKey: Guid(c41005c129ba4d66911b75229fd70b45) Importer(815301076,1909f56bfc062723c751e8b465ee728b)
Start importing Assets/TextMesh Pro/Resources/Sprite Assets/EmojiOne.asset using Guid(c41005c129ba4d66911b75229fd70b45) Importer(815301076,1909f56bfc062723c751e8b465ee728b)  -> (artifact id: '093a2cdfc4701742cd4e2e9653a3929b') in 0.016903 seconds 
  Import took 0.020599 seconds .

========================================================================
Received Import Request.
  Time since last request: 0.008591 seconds.
  path: Assets/TextMesh Pro/Shaders/TMP_Sprite.shader
  artifactKey: Guid(cf81c85f95fe47e1a27f6ae460cf182c) Importer(815301076,1909f56bfc062723c751e8b465ee728b)
Start importing Assets/TextMesh Pro/Shaders/TMP_Sprite.shader using Guid(cf81c85f95fe47e1a27f6ae460cf182c) Importer(815301076,1909f56bfc062723c751e8b465ee728b)  -> (artifact id: '3a99f7d513b6ceb71ed4b899ead52cad') in 0.002257 seconds 
  Import took 0.005185 seconds .

========================================================================
Received Import Request.
  Time since last request: 0.003034 seconds.
  path: Assets/TextMesh Pro/Sprites/EmojiOne Attribution.txt
  artifactKey: Guid(381dcb09d5029d14897e55f98031fca5) Importer(815301076,1909f56bfc062723c751e8b465ee728b)
Start importing Assets/TextMesh Pro/Sprites/EmojiOne Attribution.txt using Guid(381dcb09d5029d14897e55f98031fca5) Importer(815301076,1909f56bfc062723c751e8b465ee728b)  -> (artifact id: '44a278eb03e54c69e74108363736c562') in 0.002855 seconds 
  Import took 0.005606 seconds .

========================================================================
Received Import Request.
  Time since last request: 0.011000 seconds.
  path: Assets/Prefabs/PathCreator/Examples/Scenes/Object Placement.unity
  artifactKey: Guid(f9d700f5f914447f48566abe5b02d921) Importer(815301076,1909f56bfc062723c751e8b465ee728b)
Start importing Assets/Prefabs/PathCreator/Examples/Scenes/Object Placement.unity using Guid(f9d700f5f914447f48566abe5b02d921) Importer(815301076,1909f56bfc062723c751e8b465ee728b)  -> (artifact id: '2f93867e799ff971213a0f2730b68721') in 0.002440 seconds 
  Import took 0.005068 seconds .

========================================================================
Received Import Request.
  Time since last request: 0.002989 seconds.
  path: Assets/TextMesh Pro/Resources/Fonts & Materials/LiberationSans SDF - Outline.mat
  artifactKey: Guid(79459efec17a4d00a321bdcc27bbc385) Importer(815301076,1909f56bfc062723c751e8b465ee728b)
Start importing Assets/TextMesh Pro/Resources/Fonts & Materials/LiberationSans SDF - Outline.mat using Guid(79459efec17a4d00a321bdcc27bbc385) Importer(815301076,1909f56bfc062723c751e8b465ee728b)  -> (artifact id: '289988fcecf3b00d1602f8d2b589f7dd') in 0.085976 seconds 
  Import took 0.088516 seconds .

========================================================================
Received Import Request.
  Time since last request: 0.002547 seconds.
  path: Assets/TextMesh Pro/Resources/Sprite Assets
  artifactKey: Guid(512a49d95c0c4332bdd98131869c23c9) Importer(815301076,1909f56bfc062723c751e8b465ee728b)
Start importing Assets/TextMesh Pro/Resources/Sprite Assets using Guid(512a49d95c0c4332bdd98131869c23c9) Importer(815301076,1909f56bfc062723c751e8b465ee728b)  -> (artifact id: 'b31814b8e9a6a2d42a48cf87797f0e5e') in 0.001808 seconds 
  Import took 0.004054 seconds .

========================================================================
Received Import Request.
  Time since last request: 0.002675 seconds.
  path: Assets/Prefabs/PathCreator/Core/Runtime/PathCreator.asmdef
  artifactKey: Guid(626070ea3273cb844a310aa4f53b31fa) Importer(815301076,1909f56bfc062723c751e8b465ee728b)
Start importing Assets/Prefabs/PathCreator/Core/Runtime/PathCreator.asmdef using Guid(626070ea3273cb844a310aa4f53b31fa) Importer(815301076,1909f56bfc062723c751e8b465ee728b)  -> (artifact id: '2c93d4f00ac6b5372e902ea3d1c94ff1') in 0.002976 seconds 
  Import took 0.005134 seconds .

========================================================================
Received Import Request.
  Time since last request: 0.009927 seconds.
  path: Assets/TextMesh Pro/Shaders/TMP_SDF Overlay.shader
  artifactKey: Guid(dd89cf5b9246416f84610a006f916af7) Importer(815301076,1909f56bfc062723c751e8b465ee728b)
Start importing Assets/TextMesh Pro/Shaders/TMP_SDF Overlay.shader using Guid(dd89cf5b9246416f84610a006f916af7) Importer(815301076,1909f56bfc062723c751e8b465ee728b)  -> (artifact id: 'bc325b12c1dcdd8d237addabb707f1f3') in 0.002171 seconds 
  Import took 0.004668 seconds .

========================================================================
Received Import Request.
  Time since last request: 0.003700 seconds.
  path: Assets/TextMesh Pro/Sprites/EmojiOne.png
  artifactKey: Guid(dffef66376be4fa480fb02b19edbe903) Importer(815301076,1909f56bfc062723c751e8b465ee728b)
Start importing Assets/TextMesh Pro/Sprites/EmojiOne.png using Guid(dffef66376be4fa480fb02b19edbe903) Importer(815301076,1909f56bfc062723c751e8b465ee728b)  -> (artifact id: '8e29b5c2e04123988dc700ee52b1ad43') in 0.011691 seconds 
  Import took 0.014416 seconds .

========================================================================
Received Import Request.
  Time since last request: 0.007018 seconds.
  path: Assets/Prefabs/PathCreator/Core/Editor
  artifactKey: Guid(76c2f3171eae9954aa317277dbffd478) Importer(815301076,1909f56bfc062723c751e8b465ee728b)
Start importing Assets/Prefabs/PathCreator/Core/Editor using Guid(76c2f3171eae9954aa317277dbffd478) Importer(815301076,1909f56bfc062723c751e8b465ee728b)  -> (artifact id: '9788961f907f3349a920755c45c27737') in 0.001718 seconds 
  Import took 0.004259 seconds .

========================================================================
Received Import Request.
  Time since last request: 0.013504 seconds.
  path: Assets/Prefabs/PathCreator/Examples/Materials/Brown.mat
  artifactKey: Guid(d5b3a558a1e7f4a4182b166bb2f27cf7) Importer(815301076,1909f56bfc062723c751e8b465ee728b)
Start importing Assets/Prefabs/PathCreator/Examples/Materials/Brown.mat using Guid(d5b3a558a1e7f4a4182b166bb2f27cf7) Importer(815301076,1909f56bfc062723c751e8b465ee728b)  -> (artifact id: 'eb544d644882f19aba7934a6d88fbec1') in 0.009954 seconds 
  Import took 0.013341 seconds .

========================================================================
Received Import Request.
  Time since last request: 0.003184 seconds.
  path: Assets/Scenes
  artifactKey: Guid(257cac298559cb14098d8b372a2633f2) Importer(815301076,1909f56bfc062723c751e8b465ee728b)
Start importing Assets/Scenes using Guid(257cac298559cb14098d8b372a2633f2) Importer(815301076,1909f56bfc062723c751e8b465ee728b)  -> (artifact id: 'b45c1a16469930b9db4b0ff466770799') in 0.002801 seconds 
  Import took 0.006306 seconds .

========================================================================
Received Import Request.
  Time since last request: 0.003648 seconds.
  path: Assets/Prefabs/PathCreator/Core/Runtime/Utility/CubicBezierUtility.cs
  artifactKey: Guid(c66a6536bb2d641558729d6da1ec7594) Importer(815301076,1909f56bfc062723c751e8b465ee728b)
Start importing Assets/Prefabs/PathCreator/Core/Runtime/Utility/CubicBezierUtility.cs using Guid(c66a6536bb2d641558729d6da1ec7594) Importer(815301076,1909f56bfc062723c751e8b465ee728b)  -> (artifact id: 'b897eaa1fa2322cab74c725d88850185') in 0.002836 seconds 
  Import took 0.006005 seconds .

========================================================================
Received Import Request.
  Time since last request: 0.003723 seconds.
  path: Assets/Prefabs/PathCreator/Core/Runtime/Utility/VertexPathUtility.cs
  artifactKey: Guid(5505526f3c472e8499fa7ce169410ace) Importer(815301076,1909f56bfc062723c751e8b465ee728b)
Start importing Assets/Prefabs/PathCreator/Core/Runtime/Utility/VertexPathUtility.cs using Guid(5505526f3c472e8499fa7ce169410ace) Importer(815301076,1909f56bfc062723c751e8b465ee728b)  -> (artifact id: '0be0e650dd8a902720ebd4c20b6764f2') in 0.002069 seconds 
  Import took 0.004986 seconds .

========================================================================
Received Import Request.
  Time since last request: 0.009248 seconds.
  path: Assets/Prefabs/PathCreator/Core/Settings/GlobalDisplaySettings.asset
  artifactKey: Guid(35fab21375bf12f4b96eba4dafa4ad30) Importer(815301076,1909f56bfc062723c751e8b465ee728b)
Start importing Assets/Prefabs/PathCreator/Core/Settings/GlobalDisplaySettings.asset using Guid(35fab21375bf12f4b96eba4dafa4ad30) Importer(815301076,1909f56bfc062723c751e8b465ee728b)  -> (artifact id: 'dc9ce69dd152b940796a2205f9c76366') in 0.004561 seconds 
  Import took 0.007680 seconds .

========================================================================
Received Import Request.
  Time since last request: 0.002226 seconds.
  path: Assets/Scripts/Obstacles
  artifactKey: Guid(ee7a781cb81f15e4d81b5d4690456a18) Importer(815301076,1909f56bfc062723c751e8b465ee728b)
Start importing Assets/Scripts/Obstacles using Guid(ee7a781cb81f15e4d81b5d4690456a18) Importer(815301076,1909f56bfc062723c751e8b465ee728b)  -> (artifact id: 'a2a0560b90cad21787f7e4b23dcd9f50') in 0.002678 seconds 
  Import took 0.005126 seconds .

========================================================================
Received Import Request.
  Time since last request: 0.007871 seconds.
  path: Assets/TextMesh Pro/Shaders/TMP_Bitmap-Mobile.shader
  artifactKey: Guid(1e3b057af24249748ff873be7fafee47) Importer(815301076,1909f56bfc062723c751e8b465ee728b)
Start importing Assets/TextMesh Pro/Shaders/TMP_Bitmap-Mobile.shader using Guid(1e3b057af24249748ff873be7fafee47) Importer(815301076,1909f56bfc062723c751e8b465ee728b)  -> (artifact id: '781de919be87db38eb51354aa8fb7892') in 0.002814 seconds 
  Import took 0.006276 seconds .

========================================================================
Received Import Request.
  Time since last request: 0.002565 seconds.
  path: Assets/Prefabs/PathCreator/Core
  artifactKey: Guid(fded9f896ea32473eb30ae61b640a176) Importer(815301076,1909f56bfc062723c751e8b465ee728b)
Start importing Assets/Prefabs/PathCreator/Core using Guid(fded9f896ea32473eb30ae61b640a176) Importer(815301076,1909f56bfc062723c751e8b465ee728b)  -> (artifact id: 'cb95ac0f9ae022ddeb638be55c6dbab3') in 0.003302 seconds 
  Import took 0.006288 seconds .

========================================================================
Received Import Request.
  Time since last request: 0.003849 seconds.
  path: Assets/Prefabs/PathCreator/Examples/Scripts/PathPlacer.cs
  artifactKey: Guid(d12b1fe1b42884d7692049d7f6f79ee9) Importer(815301076,1909f56bfc062723c751e8b465ee728b)
Start importing Assets/Prefabs/PathCreator/Examples/Scripts/PathPlacer.cs using Guid(d12b1fe1b42884d7692049d7f6f79ee9) Importer(815301076,1909f56bfc062723c751e8b465ee728b)  -> (artifact id: '5043147adf34802a7428e984c0e40114') in 0.003099 seconds 
  Import took 0.007305 seconds .

========================================================================
Received Import Request.
  Time since last request: 0.003957 seconds.
  path: Assets/TextMesh Pro/Shaders/TMP_SDF-Mobile Overlay.shader
  artifactKey: Guid(a02a7d8c237544f1962732b55a9aebf1) Importer(815301076,1909f56bfc062723c751e8b465ee728b)
Start importing Assets/TextMesh Pro/Shaders/TMP_SDF-Mobile Overlay.shader using Guid(a02a7d8c237544f1962732b55a9aebf1) Importer(815301076,1909f56bfc062723c751e8b465ee728b)  -> (artifact id: '52aa58ee4e351a7b45e3ba3ede70a9e1') in 0.006249 seconds 
  Import took 0.013533 seconds .

========================================================================
Received Import Request.
  Time since last request: 0.004183 seconds.
  path: Assets/TextMesh Pro/Resources/LineBreaking Leading Characters.txt
  artifactKey: Guid(d82c1b31c7e74239bff1220585707d2b) Importer(815301076,1909f56bfc062723c751e8b465ee728b)
Start importing Assets/TextMesh Pro/Resources/LineBreaking Leading Characters.txt using Guid(d82c1b31c7e74239bff1220585707d2b) Importer(815301076,1909f56bfc062723c751e8b465ee728b)  -> (artifact id: '55ff7fcf1dc11b21acfd2150599fb6bf') in 0.003596 seconds 
  Import took 0.009414 seconds .

========================================================================
Received Import Request.
  Time since last request: 0.006459 seconds.
  path: Assets/Prefabs/PathCreator/Examples/Scripts
  artifactKey: Guid(4708a8b1933bb914e98024a2cd57b3a8) Importer(815301076,1909f56bfc062723c751e8b465ee728b)
Start importing Assets/Prefabs/PathCreator/Examples/Scripts using Guid(4708a8b1933bb914e98024a2cd57b3a8) Importer(815301076,1909f56bfc062723c751e8b465ee728b)  -> (artifact id: 'ef9139e4c6e0e58f6f759c85a7d62341') in 0.002361 seconds 
  Import took 0.006657 seconds .

========================================================================
Received Import Request.
  Time since last request: 0.002839 seconds.
  path: Assets/Scripts/Level
  artifactKey: Guid(b764d6b7ae0fbeb4393c27c7a3eeedc5) Importer(815301076,1909f56bfc062723c751e8b465ee728b)
Start importing Assets/Scripts/Level using Guid(b764d6b7ae0fbeb4393c27c7a3eeedc5) Importer(815301076,1909f56bfc062723c751e8b465ee728b)  -> (artifact id: 'ce2cf1203101c919c8700ce27d545994') in 0.002515 seconds 
  Import took 0.005399 seconds .

========================================================================
Received Import Request.
  Time since last request: 0.003682 seconds.
  path: Assets/TextMesh Pro/Resources/Fonts & Materials/LiberationSans SDF - Drop Shadow.mat
  artifactKey: Guid(e73a58f6e2794ae7b1b7e50b7fb811b0) Importer(815301076,1909f56bfc062723c751e8b465ee728b)
Start importing Assets/TextMesh Pro/Resources/Fonts & Materials/LiberationSans SDF - Drop Shadow.mat using Guid(e73a58f6e2794ae7b1b7e50b7fb811b0) Importer(815301076,1909f56bfc062723c751e8b465ee728b)  -> (artifact id: 'ca0d2861f60500f05bd29199894f7bb5') in 0.137434 seconds 
  Import took 0.141913 seconds .

========================================================================
Received Import Request.
  Time since last request: 0.010841 seconds.
  path: Assets/Prefabs
  artifactKey: Guid(fa0cf4079655efb4c83e5426b5216a23) Importer(815301076,1909f56bfc062723c751e8b465ee728b)
Start importing Assets/Prefabs using Guid(fa0cf4079655efb4c83e5426b5216a23) Importer(815301076,1909f56bfc062723c751e8b465ee728b)  -> (artifact id: 'f8e826e5415bbd10ef546cd32d4a2221') in 0.008890 seconds 
  Import took 0.014632 seconds .

========================================================================
Received Import Request.
  Time since last request: 0.011234 seconds.
  path: Assets/TextMesh Pro/Shaders/TMP_SDF SSD.shader
  artifactKey: Guid(14eb328de4b8eb245bb7cea29e4ac00b) Importer(815301076,1909f56bfc062723c751e8b465ee728b)
Start importing Assets/TextMesh Pro/Shaders/TMP_SDF SSD.shader using Guid(14eb328de4b8eb245bb7cea29e4ac00b) Importer(815301076,1909f56bfc062723c751e8b465ee728b)  -> (artifact id: 'c9462b4322f197895985c5eb9efcb4c1') in 0.007054 seconds 
  Import took 0.011184 seconds .

========================================================================
Received Import Request.
  Time since last request: 0.004914 seconds.
  path: Assets/TextMesh Pro/Shaders/TMP_SDF.shader
  artifactKey: Guid(68e6db2ebdc24f95958faec2be5558d6) Importer(815301076,1909f56bfc062723c751e8b465ee728b)
Start importing Assets/TextMesh Pro/Shaders/TMP_SDF.shader using Guid(68e6db2ebdc24f95958faec2be5558d6) Importer(815301076,1909f56bfc062723c751e8b465ee728b)  -> (artifact id: 'fb2e14375c8f60553b75ab5f8b02ea45') in 0.004819 seconds 
  Import took 0.012849 seconds .

========================================================================
Received Import Request.
  Time since last request: 0.004484 seconds.
  path: Assets/Prefabs/PathCreator/Examples/Scenes/Generate Path.unity
  artifactKey: Guid(3145d476fb2c7f242875d23b77320de4) Importer(815301076,1909f56bfc062723c751e8b465ee728b)
Start importing Assets/Prefabs/PathCreator/Examples/Scenes/Generate Path.unity using Guid(3145d476fb2c7f242875d23b77320de4) Importer(815301076,1909f56bfc062723c751e8b465ee728b)  -> (artifact id: 'a837078898b87ff91686ea5e65c5fd5d') in 0.004921 seconds 
  Import took 0.009876 seconds .

========================================================================
Received Import Request.
  Time since last request: 0.005531 seconds.
  path: Assets/Prefabs/PathCreator/Examples/Scripts/PathSceneTool.cs
  artifactKey: Guid(83aca5399f4e71c44b5d6c1314b5b95f) Importer(815301076,1909f56bfc062723c751e8b465ee728b)
Start importing Assets/Prefabs/PathCreator/Examples/Scripts/PathSceneTool.cs using Guid(83aca5399f4e71c44b5d6c1314b5b95f) Importer(815301076,1909f56bfc062723c751e8b465ee728b)  -> (artifact id: '57d1a6350220a49f064654956346cfac') in 0.003908 seconds 
  Import took 0.010671 seconds .

========================================================================
Received Import Request.
  Time since last request: 0.018250 seconds.
  path: Assets/TextMesh Pro/Shaders/TMP_SDF-Mobile.shader
  artifactKey: Guid(fe393ace9b354375a9cb14cdbbc28be4) Importer(815301076,1909f56bfc062723c751e8b465ee728b)
Start importing Assets/TextMesh Pro/Shaders/TMP_SDF-Mobile.shader using Guid(fe393ace9b354375a9cb14cdbbc28be4) Importer(815301076,1909f56bfc062723c751e8b465ee728b)  -> (artifact id: '27926394dbe3ea0d2ecfda39a46fa328') in 0.005426 seconds 
  Import took 0.015518 seconds .

========================================================================
Received Import Request.
  Time since last request: 0.011769 seconds.
  path: Assets/Scripts/UI
  artifactKey: Guid(d5b58edccb452084e8974b5a7ad9e90d) Importer(815301076,1909f56bfc062723c751e8b465ee728b)
Start importing Assets/Scripts/UI using Guid(d5b58edccb452084e8974b5a7ad9e90d) Importer(815301076,1909f56bfc062723c751e8b465ee728b)  -> (artifact id: '248799582e8a8fb161e039bb83bada6e') in 0.005754 seconds 
  Import took 0.048155 seconds .

========================================================================
Received Import Request.
  Time since last request: 0.023516 seconds.
  path: Assets/TextMesh Pro/Shaders/TMP_Bitmap.shader
  artifactKey: Guid(128e987d567d4e2c824d754223b3f3b0) Importer(815301076,1909f56bfc062723c751e8b465ee728b)
Start importing Assets/TextMesh Pro/Shaders/TMP_Bitmap.shader using Guid(128e987d567d4e2c824d754223b3f3b0) Importer(815301076,1909f56bfc062723c751e8b465ee728b)  -> (artifact id: 'bf4557746324e88d20225e0d6264b37a') in 0.003101 seconds 
  Import took 0.007152 seconds .

========================================================================
Received Import Request.
  Time since last request: 0.007241 seconds.
  path: Assets/Prefabs/PathCreator/Examples/Scripts/GeneratePathExample.cs
  artifactKey: Guid(f417e74782fffcd40b77b0fdbe82af04) Importer(815301076,1909f56bfc062723c751e8b465ee728b)
Start importing Assets/Prefabs/PathCreator/Examples/Scripts/GeneratePathExample.cs using Guid(f417e74782fffcd40b77b0fdbe82af04) Importer(815301076,1909f56bfc062723c751e8b465ee728b)  -> (artifact id: '506fb2061683aacd71a2f99d15632a4a') in 0.003346 seconds 
  Import took 0.007576 seconds .

========================================================================
Received Import Request.
  Time since last request: 0.004158 seconds.
  path: Assets/TextMesh Pro/Shaders/TMP_SDF-Mobile SSD.shader
  artifactKey: Guid(c8d12adcee749c344b8117cf7c7eb912) Importer(815301076,1909f56bfc062723c751e8b465ee728b)
Start importing Assets/TextMesh Pro/Shaders/TMP_SDF-Mobile SSD.shader using Guid(c8d12adcee749c344b8117cf7c7eb912) Importer(815301076,1909f56bfc062723c751e8b465ee728b)  -> (artifact id: '825946c2de143de225bb99547c3a732c') in 0.004372 seconds 
  Import took 0.007617 seconds .

========================================================================
Received Import Request.
  Time since last request: 0.004495 seconds.
  path: Assets/Prefabs/PathCreator/Examples/Materials/Red.mat
  artifactKey: Guid(01763a1c279a5cd4d8f897f6b6cdbae5) Importer(815301076,1909f56bfc062723c751e8b465ee728b)
Start importing Assets/Prefabs/PathCreator/Examples/Materials/Red.mat using Guid(01763a1c279a5cd4d8f897f6b6cdbae5) Importer(815301076,1909f56bfc062723c751e8b465ee728b)  -> (artifact id: '4a3ab6a7fbc2d8294d5633c72a93da55') in 0.011412 seconds 
  Import took 0.014774 seconds .

========================================================================
Received Import Request.
  Time since last request: 0.007878 seconds.
  path: Assets/TextMesh Pro/Sprites/EmojiOne.json
  artifactKey: Guid(8f05276190cf498a8153f6cbe761d4e6) Importer(815301076,1909f56bfc062723c751e8b465ee728b)
Start importing Assets/TextMesh Pro/Sprites/EmojiOne.json using Guid(8f05276190cf498a8153f6cbe761d4e6) Importer(815301076,1909f56bfc062723c751e8b465ee728b)  -> (artifact id: 'c79196cd2f7dcd552e3ff295914fe8b3') in 0.010559 seconds 
  Import took 0.014211 seconds .

========================================================================
Received Import Request.
  Time since last request: 0.009067 seconds.
  path: Assets/Prefabs/PathCreator/Core/Editor/PathCreatorEditor.asmdef
  artifactKey: Guid(92ee438f32d811247a22ca14bf2a3fe0) Importer(815301076,1909f56bfc062723c751e8b465ee728b)
Start importing Assets/Prefabs/PathCreator/Core/Editor/PathCreatorEditor.asmdef using Guid(92ee438f32d811247a22ca14bf2a3fe0) Importer(815301076,1909f56bfc062723c751e8b465ee728b)  -> (artifact id: '65d4541ff432ea9654b3dacf2df754af') in 0.002606 seconds 
  Import took 0.006854 seconds .

========================================================================
Received Import Request.
  Time since last request: 0.004340 seconds.
  path: Assets/Prefabs/PathCreator/Core/Editor/Helper/MouseUtility.cs
  artifactKey: Guid(bd0de63ca5c52504a8d2063418a326c3) Importer(815301076,1909f56bfc062723c751e8b465ee728b)
Start importing Assets/Prefabs/PathCreator/Core/Editor/Helper/MouseUtility.cs using Guid(bd0de63ca5c52504a8d2063418a326c3) Importer(815301076,1909f56bfc062723c751e8b465ee728b)  -> (artifact id: '64f3946311998c05d887f24087229318') in 0.002623 seconds 
  Import took 0.005910 seconds .

========================================================================
Received Import Request.
  Time since last request: 0.002865 seconds.
  path: Assets/Prefabs/PathCreator/Core/Settings
  artifactKey: Guid(4f9b1508dc64040469b4b1ee117d27a9) Importer(815301076,1909f56bfc062723c751e8b465ee728b)
Start importing Assets/Prefabs/PathCreator/Core/Settings using Guid(4f9b1508dc64040469b4b1ee117d27a9) Importer(815301076,1909f56bfc062723c751e8b465ee728b)  -> (artifact id: '99b69bb5e5b15747679bc99bd04e7aea') in 0.003793 seconds 
  Import took 0.008026 seconds .

========================================================================
Received Import Request.
  Time since last request: 0.002952 seconds.
  path: Assets/TextMesh Pro/Resources/Fonts & Materials
  artifactKey: Guid(731f1baa9d144a9897cb1d341c2092b8) Importer(815301076,1909f56bfc062723c751e8b465ee728b)
Start importing Assets/TextMesh Pro/Resources/Fonts & Materials using Guid(731f1baa9d144a9897cb1d341c2092b8) Importer(815301076,1909f56bfc062723c751e8b465ee728b)  -> (artifact id: 'cbd6dcea75119183330fd0c84a35eed7') in 0.002842 seconds 
  Import took 0.006382 seconds .

========================================================================
Received Import Request.
  Time since last request: 0.012725 seconds.
  path: Assets/Prefabs/PathCreator/Examples/Materials/Dark Grey.mat
  artifactKey: Guid(407e3de4fbbcf4a99b17bf5aac2d28d8) Importer(815301076,1909f56bfc062723c751e8b465ee728b)
Start importing Assets/Prefabs/PathCreator/Examples/Materials/Dark Grey.mat using Guid(407e3de4fbbcf4a99b17bf5aac2d28d8) Importer(815301076,1909f56bfc062723c751e8b465ee728b)  -> (artifact id: '24a6027ad94edb872db64d96d25b182a') in 0.012830 seconds 
  Import took 0.016612 seconds .

========================================================================
Received Import Request.
  Time since last request: 0.004873 seconds.
  path: Assets/Scripts/Audio/Sound.cs
  artifactKey: Guid(fca054ddb2bf2204eb9e6a413d0b82a7) Importer(815301076,1909f56bfc062723c751e8b465ee728b)
Start importing Assets/Scripts/Audio/Sound.cs using Guid(fca054ddb2bf2204eb9e6a413d0b82a7) Importer(815301076,1909f56bfc062723c751e8b465ee728b)  -> (artifact id: 'd3ed8db70e8275cfd4f26c8f6d25c377') in 0.002975 seconds 
  Import took 0.006313 seconds .

========================================================================
Received Import Request.
  Time since last request: 0.003751 seconds.
  path: Assets/TextMesh Pro/Shaders/TMP_SDF-Surface-Mobile.shader
  artifactKey: Guid(85187c2149c549c5b33f0cdb02836b17) Importer(815301076,1909f56bfc062723c751e8b465ee728b)
Start importing Assets/TextMesh Pro/Shaders/TMP_SDF-Surface-Mobile.shader using Guid(85187c2149c549c5b33f0cdb02836b17) Importer(815301076,1909f56bfc062723c751e8b465ee728b)  -> (artifact id: '8f2d8a71b0ce97b2f6bfd0faf3161b9c') in 0.003617 seconds 
  Import took 0.006694 seconds .

========================================================================
Received Import Request.
  Time since last request: 0.006072 seconds.
  path: Assets/Prefabs/PathCreator/Examples/Scripts/RoadMeshCreator.cs
  artifactKey: Guid(b275c3b78f8717c4cbc60f74a3247f67) Importer(815301076,1909f56bfc062723c751e8b465ee728b)
Start importing Assets/Prefabs/PathCreator/Examples/Scripts/RoadMeshCreator.cs using Guid(b275c3b78f8717c4cbc60f74a3247f67) Importer(815301076,1909f56bfc062723c751e8b465ee728b)  -> (artifact id: '5a8901ad7eabf04fce24189985cf9a62') in 0.002449 seconds 
  Import took 0.005698 seconds .

========================================================================
Received Import Request.
  Time since last request: 0.003854 seconds.
  path: Assets/TextMesh Pro/Shaders/TMPro_Properties.cginc
  artifactKey: Guid(3997e2241185407d80309a82f9148466) Importer(815301076,1909f56bfc062723c751e8b465ee728b)
Start importing Assets/TextMesh Pro/Shaders/TMPro_Properties.cginc using Guid(3997e2241185407d80309a82f9148466) Importer(815301076,1909f56bfc062723c751e8b465ee728b)  -> (artifact id: '25b87a6c906e2ff6005352074e70dba6') in 0.004282 seconds 
  Import took 0.007743 seconds .

========================================================================
Received Import Request.
  Time since last request: 0.004626 seconds.
  path: Assets/Prefabs/PathCreator/Core/Runtime/Objects/MinMax3D.cs
  artifactKey: Guid(194e1b7893dcbf940a71eb507d8b10f3) Importer(815301076,1909f56bfc062723c751e8b465ee728b)
Start importing Assets/Prefabs/PathCreator/Core/Runtime/Objects/MinMax3D.cs using Guid(194e1b7893dcbf940a71eb507d8b10f3) Importer(815301076,1909f56bfc062723c751e8b465ee728b)  -> (artifact id: '9e25b419065684ceea30dfc908aa8c02') in 0.002861 seconds 
  Import took 0.007674 seconds .

========================================================================
Received Import Request.
  Time since last request: 0.008403 seconds.
  path: Assets/Prefabs/PathCreator/Examples/Scenes/Follow Path.unity
  artifactKey: Guid(c1e712ad623461e418f182144cf61384) Importer(815301076,1909f56bfc062723c751e8b465ee728b)
Start importing Assets/Prefabs/PathCreator/Examples/Scenes/Follow Path.unity using Guid(c1e712ad623461e418f182144cf61384) Importer(815301076,1909f56bfc062723c751e8b465ee728b)  -> (artifact id: 'f62f5514f10706335c313519ce305461') in 0.004411 seconds 
  Import took 0.008191 seconds .

========================================================================
Received Import Request.
  Time since last request: 0.004581 seconds.
  path: Assets/Scripts/Audio/AudioManager.cs
  artifactKey: Guid(5d81a9d0140ba9041a48745755feb85f) Importer(815301076,1909f56bfc062723c751e8b465ee728b)
Start importing Assets/Scripts/Audio/AudioManager.cs using Guid(5d81a9d0140ba9041a48745755feb85f) Importer(815301076,1909f56bfc062723c751e8b465ee728b)  -> (artifact id: 'ba7f9b1409d5e0ee2a2dda22c9b423c5') in 0.002944 seconds 
  Import took 0.007181 seconds .

========================================================================
Received Import Request.
  Time since last request: 0.016580 seconds.
  path: Assets/Scripts
  artifactKey: Guid(6f004c9fbb27aed4e87a02a0ad47e249) Importer(815301076,1909f56bfc062723c751e8b465ee728b)
Start importing Assets/Scripts using Guid(6f004c9fbb27aed4e87a02a0ad47e249) Importer(815301076,1909f56bfc062723c751e8b465ee728b)  -> (artifact id: 'cd694826cf2904cd1ce1ec6d58fa5ed1') in 0.003871 seconds 
  Import took 0.009346 seconds .

========================================================================
Received Import Request.
  Time since last request: 0.004053 seconds.
  path: Assets/TextMesh Pro/Documentation
  artifactKey: Guid(8e7e8f5a82a3a134e91c54efd2274ea9) Importer(815301076,1909f56bfc062723c751e8b465ee728b)
Start importing Assets/TextMesh Pro/Documentation using Guid(8e7e8f5a82a3a134e91c54efd2274ea9) Importer(815301076,1909f56bfc062723c751e8b465ee728b)  -> (artifact id: '7f5aa99e36510f23d626084d8be9669f') in 0.003990 seconds 
  Import took 0.009914 seconds .

========================================================================
Received Import Request.
  Time since last request: 0.005528 seconds.
  path: Assets/TextMesh Pro/Shaders/TMPro.cginc
  artifactKey: Guid(407bc68d299748449bbf7f48ee690f8d) Importer(815301076,1909f56bfc062723c751e8b465ee728b)
Start importing Assets/TextMesh Pro/Shaders/TMPro.cginc using Guid(407bc68d299748449bbf7f48ee690f8d) Importer(815301076,1909f56bfc062723c751e8b465ee728b)  -> (artifact id: 'a7b84941a55f9012bae7f955040ccce9') in 0.006732 seconds 
  Import took 0.013072 seconds .

========================================================================
Received Import Request.
  Time since last request: 0.010006 seconds.
  path: Assets/TextMesh Pro/Fonts/LiberationSans - OFL.txt
  artifactKey: Guid(6e59c59b81ab47f9b6ec5781fa725d2c) Importer(815301076,1909f56bfc062723c751e8b465ee728b)
Start importing Assets/TextMesh Pro/Fonts/LiberationSans - OFL.txt using Guid(6e59c59b81ab47f9b6ec5781fa725d2c) Importer(815301076,1909f56bfc062723c751e8b465ee728b)  -> (artifact id: 'd8ed59a48b952935c94a9302b2b79e3d') in 0.004339 seconds 
  Import took 0.008435 seconds .

========================================================================
Received Import Request.
  Time since last request: 0.003548 seconds.
  path: Assets/TextMesh Pro/Resources/Style Sheets
  artifactKey: Guid(4aecb92fff08436c8303b10eab8da368) Importer(815301076,1909f56bfc062723c751e8b465ee728b)
Start importing Assets/TextMesh Pro/Resources/Style Sheets using Guid(4aecb92fff08436c8303b10eab8da368) Importer(815301076,1909f56bfc062723c751e8b465ee728b)  -> (artifact id: '8eb160d1f2f0150837d5eca199ae2098') in 0.004258 seconds 
  Import took 0.008377 seconds .

========================================================================
Received Import Request.
  Time since last request: 0.014717 seconds.
  path: Assets/Prefabs/PathCreator/Documentation/Documentation.pdf
  artifactKey: Guid(e7b865996e4d342a39bbea59a2e43a53) Importer(815301076,1909f56bfc062723c751e8b465ee728b)
Start importing Assets/Prefabs/PathCreator/Documentation/Documentation.pdf using Guid(e7b865996e4d342a39bbea59a2e43a53) Importer(815301076,1909f56bfc062723c751e8b465ee728b)  -> (artifact id: 'a7004a4c6ca32835159efb12493cbbb5') in 0.018879 seconds 
  Import took 0.023625 seconds .

========================================================================
Received Import Request.
  Time since last request: 0.007871 seconds.
  path: Assets/TextMesh Pro/Shaders/TMP_SDF-Mobile Masking.shader
  artifactKey: Guid(bc1ede39bf3643ee8e493720e4259791) Importer(815301076,1909f56bfc062723c751e8b465ee728b)
Start importing Assets/TextMesh Pro/Shaders/TMP_SDF-Mobile Masking.shader using Guid(bc1ede39bf3643ee8e493720e4259791) Importer(815301076,1909f56bfc062723c751e8b465ee728b)  -> (artifact id: 'dc2d0b0cc11e7c5ab4fa32381d9cc451') in 0.004098 seconds 
  Import took 0.009724 seconds .

========================================================================
Received Import Request.
  Time since last request: 0.009474 seconds.
  path: Assets/Scenes/DefaultScene.unity
  artifactKey: Guid(9fc0d4010bbf28b4594072e72b8655ab) Importer(815301076,1909f56bfc062723c751e8b465ee728b)
Start importing Assets/Scenes/DefaultScene.unity using Guid(9fc0d4010bbf28b4594072e72b8655ab) Importer(815301076,1909f56bfc062723c751e8b465ee728b)  -> (artifact id: '026999bb5ec74a7c325234e81fd9187d') in 0.004170 seconds 
  Import took 0.007889 seconds .

========================================================================
Received Import Request.
  Time since last request: 0.004136 seconds.
  path: Assets/TextMesh Pro/Shaders/TMPro_Mobile.cginc
  artifactKey: Guid(c334973cef89a9840b0b0c507e0377ab) Importer(815301076,1909f56bfc062723c751e8b465ee728b)
Start importing Assets/TextMesh Pro/Shaders/TMPro_Mobile.cginc using Guid(c334973cef89a9840b0b0c507e0377ab) Importer(815301076,1909f56bfc062723c751e8b465ee728b)  -> (artifact id: '858a7b7b43960fe146a89d5439ebbdfb') in 0.004233 seconds 
  Import took 0.007173 seconds .

========================================================================
Received Import Request.
  Time since last request: 0.007445 seconds.
  path: Assets/TextMesh Pro/Resources/Fonts & Materials/LiberationSans SDF - Fallback.asset
  artifactKey: Guid(2e498d1c8094910479dc3e1b768306a4) Importer(815301076,1909f56bfc062723c751e8b465ee728b)
Start importing Assets/TextMesh Pro/Resources/Fonts & Materials/LiberationSans SDF - Fallback.asset using Guid(2e498d1c8094910479dc3e1b768306a4) Importer(815301076,1909f56bfc062723c751e8b465ee728b)  -> (artifact id: 'cce1ea6eabc4d092294fe11ead0b46db') in 0.020264 seconds 
  Import took 0.024203 seconds .

========================================================================
Received Import Request.
  Time since last request: 0.004406 seconds.
  path: Assets/Prefabs/PathCreator/Examples/Materials/Green.mat
  artifactKey: Guid(9ca80467a033e954a8b9ad8601d6f4c7) Importer(815301076,1909f56bfc062723c751e8b465ee728b)
Start importing Assets/Prefabs/PathCreator/Examples/Materials/Green.mat using Guid(9ca80467a033e954a8b9ad8601d6f4c7) Importer(815301076,1909f56bfc062723c751e8b465ee728b)  -> (artifact id: '655c9087263bc56ae4bf4d003bd8ffbb') in 0.014091 seconds 
  Import took 0.019005 seconds .

========================================================================
Received Import Request.
  Time since last request: 0.009387 seconds.
  path: Assets/Prefabs/PathCreator/Examples/Scripts/Editor/PathSceneToolEditor.cs
  artifactKey: Guid(db8aedf6f6cf2734cb24c49646427e96) Importer(815301076,1909f56bfc062723c751e8b465ee728b)
Start importing Assets/Prefabs/PathCreator/Examples/Scripts/Editor/PathSceneToolEditor.cs using Guid(db8aedf6f6cf2734cb24c49646427e96) Importer(815301076,1909f56bfc062723c751e8b465ee728b)  -> (artifact id: '75d16259f3b4c6152eb71e07c19376f0') in 0.002716 seconds 
  Import took 0.005941 seconds .

========================================================================
Received Import Request.
  Time since last request: 0.003667 seconds.
  path: Assets/Prefabs/PathCreator/Core/Runtime
  artifactKey: Guid(c62dae0f992c5174a951248617cc5720) Importer(815301076,1909f56bfc062723c751e8b465ee728b)
Start importing Assets/Prefabs/PathCreator/Core/Runtime using Guid(c62dae0f992c5174a951248617cc5720) Importer(815301076,1909f56bfc062723c751e8b465ee728b)  -> (artifact id: 'dc53e3858f9f3e66db2461edd9557483') in 0.002991 seconds 
  Import took 0.007323 seconds .

========================================================================
Received Import Request.
  Time since last request: 0.004172 seconds.
  path: Assets/Prefabs/PathCreator/Core/Runtime/Objects/VertexPath.cs
  artifactKey: Guid(223183313f20d4049a397d83fab3151e) Importer(815301076,1909f56bfc062723c751e8b465ee728b)
Start importing Assets/Prefabs/PathCreator/Core/Runtime/Objects/VertexPath.cs using Guid(223183313f20d4049a397d83fab3151e) Importer(815301076,1909f56bfc062723c751e8b465ee728b)  -> (artifact id: '69e868ad400f7f360e1f4244572e999b') in 0.003050 seconds 
  Import took 0.008114 seconds .

========================================================================
Received Import Request.
  Time since last request: 0.004816 seconds.
  path: Assets/TextMesh Pro/Shaders/TMP_SDF-Surface.shader
  artifactKey: Guid(f7ada0af4f174f0694ca6a487b8f543d) Importer(815301076,1909f56bfc062723c751e8b465ee728b)
Start importing Assets/TextMesh Pro/Shaders/TMP_SDF-Surface.shader using Guid(f7ada0af4f174f0694ca6a487b8f543d) Importer(815301076,1909f56bfc062723c751e8b465ee728b)  -> (artifact id: 'a2740d0521f1b6b94b3cb80c7dd32943') in 0.003883 seconds 
  Import took 0.007217 seconds .

========================================================================
Received Import Request.
  Time since last request: 0.007413 seconds.
  path: Assets/Scripts/UI/UIManager.cs
  artifactKey: Guid(68cee67867b57654295efe5c1a10d9ae) Importer(815301076,1909f56bfc062723c751e8b465ee728b)
Start importing Assets/Scripts/UI/UIManager.cs using Guid(68cee67867b57654295efe5c1a10d9ae) Importer(815301076,1909f56bfc062723c751e8b465ee728b)  -> (artifact id: '0dd64811703d0bb394ac28f978ed4d5c') in 0.003074 seconds 
  Import took 0.006504 seconds .

========================================================================
Received Import Request.
  Time since last request: 0.008883 seconds.
  path: Assets/Prefabs/PathCreator/Examples/Scripts/PathFollower.cs
  artifactKey: Guid(33aabe1a2dec93349b06e6e5dc51bc06) Importer(815301076,1909f56bfc062723c751e8b465ee728b)
Start importing Assets/Prefabs/PathCreator/Examples/Scripts/PathFollower.cs using Guid(33aabe1a2dec93349b06e6e5dc51bc06) Importer(815301076,1909f56bfc062723c751e8b465ee728b)  -> (artifact id: '88995d1c533f776f9975d5ea45af2214') in 0.003041 seconds 
  Import took 0.006368 seconds .

========================================================================
Received Import Request.
  Time since last request: 0.004026 seconds.
  path: Assets/Prefabs/PathCreator/Examples/Scenes/Road.unity
  artifactKey: Guid(8f020cfa1fb7ded47926b050b82adbe6) Importer(815301076,1909f56bfc062723c751e8b465ee728b)
Start importing Assets/Prefabs/PathCreator/Examples/Scenes/Road.unity using Guid(8f020cfa1fb7ded47926b050b82adbe6) Importer(815301076,1909f56bfc062723c751e8b465ee728b)  -> (artifact id: 'fb83c6b8377994901f234500c55a75d4') in 0.004294 seconds 
  Import took 0.007758 seconds .

========================================================================
Received Import Request.
  Time since last request: 0.002830 seconds.
  path: Assets/Scripts/Audio
  artifactKey: Guid(811812071ec952d428cf4d3cc041aee3) Importer(815301076,1909f56bfc062723c751e8b465ee728b)
Start importing Assets/Scripts/Audio using Guid(811812071ec952d428cf4d3cc041aee3) Importer(815301076,1909f56bfc062723c751e8b465ee728b)  -> (artifact id: '45b5cc4a3e56af97b70570e62b447062') in 0.002926 seconds 
  Import took 0.007025 seconds .

========================================================================
Received Import Request.
  Time since last request: 0.003540 seconds.
  path: Assets/Prefabs/PathCreator/Examples/Materials/Yellow.mat
  artifactKey: Guid(772eafc39678528418f6840d88830a23) Importer(815301076,1909f56bfc062723c751e8b465ee728b)
Start importing Assets/Prefabs/PathCreator/Examples/Materials/Yellow.mat using Guid(772eafc39678528418f6840d88830a23) Importer(815301076,1909f56bfc062723c751e8b465ee728b)  -> (artifact id: '07872ad0987b1aab461313067ebfdfba') in 0.012203 seconds 
  Import took 0.016383 seconds .

========================================================================
Received Import Request.
  Time since last request: 0.004010 seconds.
  path: Assets/Scripts/Camera
  artifactKey: Guid(ccdd77f988cfccb4b8a05cfd45dae9fd) Importer(815301076,1909f56bfc062723c751e8b465ee728b)
Start importing Assets/Scripts/Camera using Guid(ccdd77f988cfccb4b8a05cfd45dae9fd) Importer(815301076,1909f56bfc062723c751e8b465ee728b)  -> (artifact id: 'c1c712681a37f28f154d8a3057378a05') in 0.003224 seconds 
  Import took 0.006544 seconds .

========================================================================
Received Import Request.
  Time since last request: 0.006297 seconds.
  path: Assets/Prefabs/PathCreator/Core/Editor/Helper/ScreenSpacePolyLine.cs
  artifactKey: Guid(05aed72a972059e45a62e31c2bb60fc4) Importer(815301076,1909f56bfc062723c751e8b465ee728b)
Start importing Assets/Prefabs/PathCreator/Core/Editor/Helper/ScreenSpacePolyLine.cs using Guid(05aed72a972059e45a62e31c2bb60fc4) Importer(815301076,1909f56bfc062723c751e8b465ee728b)  -> (artifact id: 'f5b6dbb09f543ffc91357806ea09b4f6') in 0.003701 seconds 
  Import took 0.007530 seconds .

========================================================================
Received Import Request.
  Time since last request: 0.007100 seconds.
  path: Assets/Prefabs/PathCreator/Core/Runtime/Objects/PathCreator.cs
  artifactKey: Guid(8e5ac92bc18f545cc84cd886ece82b4d) Importer(815301076,1909f56bfc062723c751e8b465ee728b)
Start importing Assets/Prefabs/PathCreator/Core/Runtime/Objects/PathCreator.cs using Guid(8e5ac92bc18f545cc84cd886ece82b4d) Importer(815301076,1909f56bfc062723c751e8b465ee728b)  -> (artifact id: '7e13f83e74fcfb0edb6de6e702a1cab5') in 0.004056 seconds 
  Import took 0.007279 seconds .

========================================================================
Received Import Request.
  Time since last request: 0.005007 seconds.
  path: Assets/TextMesh Pro/Resources/TMP Settings.asset
  artifactKey: Guid(3f5b5dff67a942289a9defa416b206f3) Importer(815301076,1909f56bfc062723c751e8b465ee728b)
Start importing Assets/TextMesh Pro/Resources/TMP Settings.asset using Guid(3f5b5dff67a942289a9defa416b206f3) Importer(815301076,1909f56bfc062723c751e8b465ee728b)  -> (artifact id: '2bfa879a8525b1dfe05c9f611534e615') in 0.041911 seconds 
  Import took 0.046203 seconds .

========================================================================
Received Import Request.
  Time since last request: 0.003400 seconds.
  path: Assets/TextMesh Pro/Sprites
  artifactKey: Guid(d0603b6d5186471b96c778c3949c7ce2) Importer(815301076,1909f56bfc062723c751e8b465ee728b)
Start importing Assets/TextMesh Pro/Sprites using Guid(d0603b6d5186471b96c778c3949c7ce2) Importer(815301076,1909f56bfc062723c751e8b465ee728b)  -> (artifact id: 'c825b4ecabc52a724fdd8944d5209777') in 0.002099 seconds 
  Import took 0.005406 seconds .

========================================================================
Received Import Request.
  Time since last request: 0.007289 seconds.
  path: Assets/Scripts/SaveLoad.cs
  artifactKey: Guid(e70e81ffeda436c4ea30d5981b484148) Importer(815301076,1909f56bfc062723c751e8b465ee728b)
Start importing Assets/Scripts/SaveLoad.cs using Guid(e70e81ffeda436c4ea30d5981b484148) Importer(815301076,1909f56bfc062723c751e8b465ee728b)  -> (artifact id: '17e7652142f611e8d4078c9c57b93209') in 0.002696 seconds 
  Import took 0.005817 seconds .

========================================================================
Received Import Request.
  Time since last request: 0.007125 seconds.
  path: Assets/TextMesh Pro/Documentation/TextMesh Pro User Guide 2016.pdf
  artifactKey: Guid(1b8d251f9af63b746bf2f7ffe00ebb9b) Importer(815301076,1909f56bfc062723c751e8b465ee728b)
Start importing Assets/TextMesh Pro/Documentation/TextMesh Pro User Guide 2016.pdf using Guid(1b8d251f9af63b746bf2f7ffe00ebb9b) Importer(815301076,1909f56bfc062723c751e8b465ee728b)  -> (artifact id: '68a8cd0d128e2de1afc31d38fd538062') in 0.002920 seconds 
  Import took 0.006523 seconds .

========================================================================
Received Import Request.
  Time since last request: 0.004250 seconds.
  path: Assets/Prefabs/PathCreator/Core/Runtime/Objects/PathCreatorData.cs
  artifactKey: Guid(19547029ffb83484e90d00c182104817) Importer(815301076,1909f56bfc062723c751e8b465ee728b)
Start importing Assets/Prefabs/PathCreator/Core/Runtime/Objects/PathCreatorData.cs using Guid(19547029ffb83484e90d00c182104817) Importer(815301076,1909f56bfc062723c751e8b465ee728b)  -> (artifact id: '1f0f9cf45f9db2a1b2d51bde29c86787') in 0.002776 seconds 
  Import took 0.006049 seconds .

========================================================================
Received Import Request.
  Time since last request: 0.004248 seconds.
  path: Assets/Prefabs/PathCreator/Core/Runtime/Utility/MathUtility.cs
  artifactKey: Guid(096bae1d1ed960d4bb7605dce06767c1) Importer(815301076,1909f56bfc062723c751e8b465ee728b)
Start importing Assets/Prefabs/PathCreator/Core/Runtime/Utility/MathUtility.cs using Guid(096bae1d1ed960d4bb7605dce06767c1) Importer(815301076,1909f56bfc062723c751e8b465ee728b)  -> (artifact id: 'ad3c42b884767ced7db15fa835502c6c') in 0.002852 seconds 
  Import took 0.006088 seconds .

========================================================================
Received Import Request.
  Time since last request: 0.003385 seconds.
  path: Assets/Prefabs/PathCreator/Examples/Materials/Road Underside.mat
  artifactKey: Guid(c1d8d882244c5344fa86a8fd23246f81) Importer(815301076,1909f56bfc062723c751e8b465ee728b)
Start importing Assets/Prefabs/PathCreator/Examples/Materials/Road Underside.mat using Guid(c1d8d882244c5344fa86a8fd23246f81) Importer(815301076,1909f56bfc062723c751e8b465ee728b)  -> (artifact id: '4abe80c44af374a653857e3bbdb4107b') in 0.012576 seconds 
  Import took 0.016910 seconds .

========================================================================
Received Import Request.
  Time since last request: 0.003522 seconds.
  path: Assets/TextMesh Pro/Resources
  artifactKey: Guid(243e06394e614e5d99fab26083b707fa) Importer(815301076,1909f56bfc062723c751e8b465ee728b)
Start importing Assets/TextMesh Pro/Resources using Guid(243e06394e614e5d99fab26083b707fa) Importer(815301076,1909f56bfc062723c751e8b465ee728b)  -> (artifact id: '0df7051f5b12f3f69d646d60f9166c36') in 0.003063 seconds 
  Import took 0.006298 seconds .

========================================================================
Received Import Request.
  Time since last request: 0.002636 seconds.
  path: Assets/_Textures
  artifactKey: Guid(09d1013049e908a46bb96aac5c222bfc) Importer(815301076,1909f56bfc062723c751e8b465ee728b)
Start importing Assets/_Textures using Guid(09d1013049e908a46bb96aac5c222bfc) Importer(815301076,1909f56bfc062723c751e8b465ee728b)  -> (artifact id: '72e121113985e87e4ea2afd6e5525e87') in 0.002306 seconds 
  Import took 0.005419 seconds .

========================================================================
Received Import Request.
  Time since last request: 0.005404 seconds.
  path: Assets/Prefabs/PathCreator/Examples/Scenes/Path as Prefab.unity
  artifactKey: Guid(7c3960531f0fd44beaacc5037d708071) Importer(815301076,1909f56bfc062723c751e8b465ee728b)
Start importing Assets/Prefabs/PathCreator/Examples/Scenes/Path as Prefab.unity using Guid(7c3960531f0fd44beaacc5037d708071) Importer(815301076,1909f56bfc062723c751e8b465ee728b)  -> (artifact id: 'adec5e791f8ac2aa08ee9157a51e60ac') in 0.003141 seconds 
  Import took 0.006147 seconds .

========================================================================
Received Import Request.
  Time since last request: 0.013808 seconds.
  path: Assets/TextMesh Pro/Fonts/LiberationSans.ttf
  artifactKey: Guid(e3265ab4bf004d28a9537516768c1c75) Importer(815301076,1909f56bfc062723c751e8b465ee728b)
Start importing Assets/TextMesh Pro/Fonts/LiberationSans.ttf using Guid(e3265ab4bf004d28a9537516768c1c75) Importer(815301076,1909f56bfc062723c751e8b465ee728b)  -> (artifact id: '7fb887743c1737d48c63346d2cc23e1c') in 0.023472 seconds 
  Import took 0.026687 seconds .

========================================================================
Received Import Request.
  Time since last request: 0.003298 seconds.
  path: Assets/Prefabs/PathCreator/Examples/Materials/LightGrey.mat
  artifactKey: Guid(611b4af7949bcb747821eca775b9e897) Importer(815301076,1909f56bfc062723c751e8b465ee728b)
Start importing Assets/Prefabs/PathCreator/Examples/Materials/LightGrey.mat using Guid(611b4af7949bcb747821eca775b9e897) Importer(815301076,1909f56bfc062723c751e8b465ee728b)  -> (artifact id: '273a6ff18b664f31a861bfa579a8c4ef') in 0.010438 seconds 
  Import took 0.013877 seconds .

AssetImportWorkerClient::OnTransportError - code=2 error=End of file
